<?xml version="1.0" encoding="UTF-8"?>
<!-- Generated by org.testng.reporters.JUnitXMLReporter -->
<testsuite ignored="2" hostname="DESKTOP-AGBCM7S" failures="0" tests="5" name="Testfirefox" time="39.067" errors="0" timestamp="2020-07-27T12:31:59 PDT">
  <testcase classname="com.flipkart.qa.testclasses.HomePageTest" name="Login" time="4.571"/>
  <testcase classname="com.flipkart.qa.testclasses.HomePageTest" name="verifyHomePageLabelTest" time="0.063"/>
  <testcase classname="com.flipkart.qa.testclasses.AddToCartPageTest" name="AddToCartTest" time="25.278"/>
  <testcase classname="com.flipkart.qa.testclasses.LogoutPageTest" name="LogoutTest" time="0.342"/>
  <testcase classname="com.flipkart.qa.testclasses.LogoutPageTest" name="TearDown" time="0.636"/>
  <testcase classname="com.flipkart.qa.base.TestBase" name="@BeforeTest initializeDriver" time="0.0">
    <ignored/>
  </testcase> <!-- @BeforeTest initializeDriver -->
  <testcase classname="com.flipkart.qa.base.TestBase" name="@BeforeTest initializeDriver" time="0.0">
    <ignored/>
  </testcase> <!-- @BeforeTest initializeDriver -->
</testsuite> <!-- Testfirefox -->
