<?xml version="1.0" encoding="UTF-8"?>
<!-- Generated by org.testng.reporters.JUnitXMLReporter -->
<testsuite ignored="0" hostname="DESKTOP-AGBCM7S" failures="7" tests="8" name="TestIE" time="1.755" errors="0" timestamp="2020-07-27T10:53:52 PDT">
  <testcase classname="com.flipkart.qa.base.TestBase" name="initializeDriver" time="0.579">
    <failure type="org.openqa.selenium.SessionNotCreatedException" message="session not created: No matching capabilities found
Build info: version: &amp;apos;4.0.0-alpha-6&amp;apos;, revision: &amp;apos;5f43a29cfc&amp;apos;
System info: host: &amp;apos;DESKTOP-AGBCM7S&amp;apos;, ip: &amp;apos;192.168.1.100&amp;apos;, os.name: &amp;apos;Windows 10&amp;apos;, os.arch: &amp;apos;amd64&amp;apos;, os.version: &amp;apos;10.0&amp;apos;, java.version: &amp;apos;14&amp;apos;
Driver info: driver.version: InternetExplorerDriver
remote stacktrace: Backtrace:
	Ordinal0 [0x00007FF7C6EB79B2+1735090]
	Ordinal0 [0x00007FF7C6E1CAD2+1100498]
	Ordinal0 [0x00007FF7C6DA7EBF+622271]
	Ordinal0 [0x00007FF7C6D493AA+234410]
	Ordinal0 [0x00007FF7C6D49A23+236067]
	Ordinal0 [0x00007FF7C6D479CF+227791]
	Ordinal0 [0x00007FF7C6D29BC7+105415]
	Ordinal0 [0x00007FF7C6D2B2CE+111310]
	GetHandleVerifier [0x00007FF7C704A387+1471111]
	GetHandleVerifier [0x00007FF7C6F7849A+611226]
	GetHandleVerifier [0x00007FF7C6F78211+610577]
	Ordinal0 [0x00007FF7C6EC6BFC+1797116]
	GetHandleVerifier [0x00007FF7C6F78C56+613206]
	Ordinal0 [0x00007FF7C6E3680E+1206286]
	Ordinal0 [0x00007FF7C6E43F5C+1261404]
	Ordinal0 [0x00007FF7C6E42DDD+1256925]
	BaseThreadInitThunk [0x00007FFA28FE7BD4+20]
	RtlUserThreadStart [0x00007FFA2AD0CE51+33]
">
      <![CDATA[org.openqa.selenium.SessionNotCreatedException: session not created: No matching capabilities found
Build info: version: '4.0.0-alpha-6', revision: '5f43a29cfc'
System info: host: 'DESKTOP-AGBCM7S', ip: '192.168.1.100', os.name: 'Windows 10', os.arch: 'amd64', os.version: '10.0', java.version: '14'
Driver info: driver.version: InternetExplorerDriver
remote stacktrace: Backtrace:
Ordinal0 [0x00007FF7C6EB79B2+1735090]
Ordinal0 [0x00007FF7C6E1CAD2+1100498]
Ordinal0 [0x00007FF7C6DA7EBF+622271]
Ordinal0 [0x00007FF7C6D493AA+234410]
Ordinal0 [0x00007FF7C6D49A23+236067]
Ordinal0 [0x00007FF7C6D479CF+227791]
Ordinal0 [0x00007FF7C6D29BC7+105415]
Ordinal0 [0x00007FF7C6D2B2CE+111310]
GetHandleVerifier [0x00007FF7C704A387+1471111]
GetHandleVerifier [0x00007FF7C6F7849A+611226]
GetHandleVerifier [0x00007FF7C6F78211+610577]
Ordinal0 [0x00007FF7C6EC6BFC+1797116]
GetHandleVerifier [0x00007FF7C6F78C56+613206]
Ordinal0 [0x00007FF7C6E3680E+1206286]
Ordinal0 [0x00007FF7C6E43F5C+1261404]
Ordinal0 [0x00007FF7C6E42DDD+1256925]
BaseThreadInitThunk [0x00007FFA28FE7BD4+20]
RtlUserThreadStart [0x00007FFA2AD0CE51+33]

at org.openqa.selenium.remote.W3CHandshakeResponse.lambda$errorHandler$0(W3CHandshakeResponse.java:62)
at org.openqa.selenium.remote.HandshakeResponse.lambda$getResponseFunction$0(HandshakeResponse.java:30)
at org.openqa.selenium.remote.ProtocolHandshake.lambda$createSession$1(ProtocolHandshake.java:126)
at java.base/java.util.stream.ReferencePipeline$3$1.accept(ReferencePipeline.java:195)
at java.base/java.util.Spliterators$ArraySpliterator.tryAdvance(Spliterators.java:958)
at java.base/java.util.stream.ReferencePipeline.forEachWithCancel(ReferencePipeline.java:127)
at java.base/java.util.stream.AbstractPipeline.copyIntoWithCancel(AbstractPipeline.java:502)
at java.base/java.util.stream.AbstractPipeline.copyInto(AbstractPipeline.java:488)
at java.base/java.util.stream.AbstractPipeline.wrapAndCopyInto(AbstractPipeline.java:474)
at java.base/java.util.stream.FindOps$FindOp.evaluateSequential(FindOps.java:150)
at java.base/java.util.stream.AbstractPipeline.evaluate(AbstractPipeline.java:234)
at java.base/java.util.stream.ReferencePipeline.findFirst(ReferencePipeline.java:543)
at org.openqa.selenium.remote.ProtocolHandshake.createSession(ProtocolHandshake.java:128)
at org.openqa.selenium.remote.ProtocolHandshake.createSession(ProtocolHandshake.java:75)
at org.openqa.selenium.remote.HttpCommandExecutor.execute(HttpCommandExecutor.java:138)
at org.openqa.selenium.remote.service.DriverCommandExecutor.execute(DriverCommandExecutor.java:83)
at org.openqa.selenium.remote.RemoteWebDriver.execute(RemoteWebDriver.java:582)
at org.openqa.selenium.remote.RemoteWebDriver.startSession(RemoteWebDriver.java:216)
at org.openqa.selenium.ie.InternetExplorerDriver.run(InternetExplorerDriver.java:186)
at org.openqa.selenium.ie.InternetExplorerDriver.<init>(InternetExplorerDriver.java:178)
at org.openqa.selenium.ie.InternetExplorerDriver.<init>(InternetExplorerDriver.java:142)
at com.flipkart.qa.base.TestBase.initializeDriver(TestBase.java:64)
at java.base/java.util.ArrayList.forEach(ArrayList.java:1510)
... Removed 32 stack frames]]>
    </failure>
  </testcase> <!-- initializeDriver -->
  <testcase classname="com.flipkart.qa.testclasses.HomePageTest" name="Login" time="0.002">
    <failure type="org.openqa.selenium.NoSuchSessionException" message="Session ID is null. Using WebDriver after calling quit()?
Build info: version: &amp;apos;4.0.0-alpha-6&amp;apos;, revision: &amp;apos;5f43a29cfc&amp;apos;
System info: host: &amp;apos;DESKTOP-AGBCM7S&amp;apos;, ip: &amp;apos;192.168.1.100&amp;apos;, os.name: &amp;apos;Windows 10&amp;apos;, os.arch: &amp;apos;amd64&amp;apos;, os.version: &amp;apos;10.0&amp;apos;, java.version: &amp;apos;14&amp;apos;
Driver info: driver.version: RemoteWebDriver">
      <![CDATA[org.openqa.selenium.NoSuchSessionException: Session ID is null. Using WebDriver after calling quit()?
Build info: version: '4.0.0-alpha-6', revision: '5f43a29cfc'
System info: host: 'DESKTOP-AGBCM7S', ip: '192.168.1.100', os.name: 'Windows 10', os.arch: 'amd64', os.version: '10.0', java.version: '14'
Driver info: driver.version: RemoteWebDriver
at org.openqa.selenium.remote.HttpCommandExecutor.execute(HttpCommandExecutor.java:127)
at org.openqa.selenium.remote.service.DriverCommandExecutor.execute(DriverCommandExecutor.java:83)
at org.openqa.selenium.remote.RemoteWebDriver.execute(RemoteWebDriver.java:582)
at org.openqa.selenium.remote.RemoteWebDriver.findElement(RemoteWebDriver.java:333)
at org.openqa.selenium.remote.RemoteWebDriver.findElementByCssSelector(RemoteWebDriver.java:441)
at org.openqa.selenium.By$ByCssSelector.findElement(By.java:494)
at org.openqa.selenium.remote.RemoteWebDriver.findElement(RemoteWebDriver.java:325)
at org.openqa.selenium.support.pagefactory.DefaultElementLocator.findElement(DefaultElementLocator.java:70)
at org.openqa.selenium.support.pagefactory.internal.LocatingElementHandler.invoke(LocatingElementHandler.java:39)
at com.sun.proxy.$Proxy17.sendKeys(Unknown Source)
at com.flipkart.qa.pages.LoginPage.login(LoginPage.java:34)
at com.flipkart.qa.testclasses.HomePageTest.Login(HomePageTest.java:29)
at java.base/java.util.ArrayList.forEach(ArrayList.java:1510)
... Removed 27 stack frames]]>
    </failure>
  </testcase> <!-- Login -->
  <testcase classname="com.flipkart.qa.testclasses.HomePageTest" name="verifyHomePageLabelTest" time="0.0">
    <failure type="java.lang.NullPointerException">
      <![CDATA[java.lang.NullPointerException
at com.flipkart.qa.testclasses.HomePageTest.verifyHomePageLabelTest(HomePageTest.java:37)
at java.base/java.util.ArrayList.forEach(ArrayList.java:1510)
... Removed 27 stack frames]]>
    </failure>
  </testcase> <!-- verifyHomePageLabelTest -->
  <testcase classname="com.flipkart.qa.testclasses.AddToCartPageTest" name="AddToCartTest" time="0.002">
    <failure type="org.openqa.selenium.NoSuchSessionException" message="Session ID is null. Using WebDriver after calling quit()?
Build info: version: &amp;apos;4.0.0-alpha-6&amp;apos;, revision: &amp;apos;5f43a29cfc&amp;apos;
System info: host: &amp;apos;DESKTOP-AGBCM7S&amp;apos;, ip: &amp;apos;192.168.1.100&amp;apos;, os.name: &amp;apos;Windows 10&amp;apos;, os.arch: &amp;apos;amd64&amp;apos;, os.version: &amp;apos;10.0&amp;apos;, java.version: &amp;apos;14&amp;apos;
Driver info: driver.version: RemoteWebDriver">
      <![CDATA[org.openqa.selenium.NoSuchSessionException: Session ID is null. Using WebDriver after calling quit()?
Build info: version: '4.0.0-alpha-6', revision: '5f43a29cfc'
System info: host: 'DESKTOP-AGBCM7S', ip: '192.168.1.100', os.name: 'Windows 10', os.arch: 'amd64', os.version: '10.0', java.version: '14'
Driver info: driver.version: RemoteWebDriver
at org.openqa.selenium.remote.HttpCommandExecutor.execute(HttpCommandExecutor.java:127)
at org.openqa.selenium.remote.service.DriverCommandExecutor.execute(DriverCommandExecutor.java:83)
at org.openqa.selenium.remote.RemoteWebDriver.execute(RemoteWebDriver.java:582)
at org.openqa.selenium.remote.RemoteWebDriver.findElement(RemoteWebDriver.java:333)
at org.openqa.selenium.remote.RemoteWebDriver.findElementByClassName(RemoteWebDriver.java:431)
at org.openqa.selenium.By$ByClassName.findElement(By.java:437)
at org.openqa.selenium.remote.RemoteWebDriver.findElement(RemoteWebDriver.java:325)
at org.openqa.selenium.support.pagefactory.DefaultElementLocator.findElement(DefaultElementLocator.java:70)
at org.openqa.selenium.support.pagefactory.internal.LocatingElementHandler.invoke(LocatingElementHandler.java:39)
at com.sun.proxy.$Proxy17.isDisplayed(Unknown Source)
at org.openqa.selenium.support.ui.ExpectedConditions.elementIfVisible(ExpectedConditions.java:314)
at org.openqa.selenium.support.ui.ExpectedConditions.access$000(ExpectedConditions.java:43)
at org.openqa.selenium.support.ui.ExpectedConditions$10.apply(ExpectedConditions.java:300)
at org.openqa.selenium.support.ui.ExpectedConditions$10.apply(ExpectedConditions.java:297)
at org.openqa.selenium.support.ui.FluentWait.lambda$checkConditionInLoop$2(FluentWait.java:233)
at java.base/java.util.concurrent.CompletableFuture$AsyncSupply.run(CompletableFuture.java:1764)
at java.base/java.util.concurrent.CompletableFuture$AsyncSupply.exec(CompletableFuture.java:1756)
at java.base/java.util.concurrent.ForkJoinTask.doExec(ForkJoinTask.java:290)
at java.base/java.util.concurrent.ForkJoinPool$WorkQueue.topLevelExec(ForkJoinPool.java:1016)
at java.base/java.util.concurrent.ForkJoinPool.scan(ForkJoinPool.java:1665)
at java.base/java.util.concurrent.ForkJoinPool.runWorker(ForkJoinPool.java:1598)
at java.base/java.util.concurrent.ForkJoinWorkerThread.run(ForkJoinWorkerThread.java:177)
]]>
    </failure>
  </testcase> <!-- AddToCartTest -->
  <testcase classname="com.flipkart.qa.base.TestBase" name="initializeDriver" time="0.586">
    <failure type="org.openqa.selenium.SessionNotCreatedException" message="session not created: No matching capabilities found
Build info: version: &amp;apos;4.0.0-alpha-6&amp;apos;, revision: &amp;apos;5f43a29cfc&amp;apos;
System info: host: &amp;apos;DESKTOP-AGBCM7S&amp;apos;, ip: &amp;apos;192.168.1.100&amp;apos;, os.name: &amp;apos;Windows 10&amp;apos;, os.arch: &amp;apos;amd64&amp;apos;, os.version: &amp;apos;10.0&amp;apos;, java.version: &amp;apos;14&amp;apos;
Driver info: driver.version: InternetExplorerDriver
remote stacktrace: Backtrace:
	Ordinal0 [0x00007FF7C6EB79B2+1735090]
	Ordinal0 [0x00007FF7C6E1CAD2+1100498]
	Ordinal0 [0x00007FF7C6DA7EBF+622271]
	Ordinal0 [0x00007FF7C6D493AA+234410]
	Ordinal0 [0x00007FF7C6D49A23+236067]
	Ordinal0 [0x00007FF7C6D479CF+227791]
	Ordinal0 [0x00007FF7C6D29BC7+105415]
	Ordinal0 [0x00007FF7C6D2B2CE+111310]
	GetHandleVerifier [0x00007FF7C704A387+1471111]
	GetHandleVerifier [0x00007FF7C6F7849A+611226]
	GetHandleVerifier [0x00007FF7C6F78211+610577]
	Ordinal0 [0x00007FF7C6EC6BFC+1797116]
	GetHandleVerifier [0x00007FF7C6F78C56+613206]
	Ordinal0 [0x00007FF7C6E3680E+1206286]
	Ordinal0 [0x00007FF7C6E43F5C+1261404]
	Ordinal0 [0x00007FF7C6E42DDD+1256925]
	BaseThreadInitThunk [0x00007FFA28FE7BD4+20]
	RtlUserThreadStart [0x00007FFA2AD0CE51+33]
">
      <![CDATA[org.openqa.selenium.SessionNotCreatedException: session not created: No matching capabilities found
Build info: version: '4.0.0-alpha-6', revision: '5f43a29cfc'
System info: host: 'DESKTOP-AGBCM7S', ip: '192.168.1.100', os.name: 'Windows 10', os.arch: 'amd64', os.version: '10.0', java.version: '14'
Driver info: driver.version: InternetExplorerDriver
remote stacktrace: Backtrace:
Ordinal0 [0x00007FF7C6EB79B2+1735090]
Ordinal0 [0x00007FF7C6E1CAD2+1100498]
Ordinal0 [0x00007FF7C6DA7EBF+622271]
Ordinal0 [0x00007FF7C6D493AA+234410]
Ordinal0 [0x00007FF7C6D49A23+236067]
Ordinal0 [0x00007FF7C6D479CF+227791]
Ordinal0 [0x00007FF7C6D29BC7+105415]
Ordinal0 [0x00007FF7C6D2B2CE+111310]
GetHandleVerifier [0x00007FF7C704A387+1471111]
GetHandleVerifier [0x00007FF7C6F7849A+611226]
GetHandleVerifier [0x00007FF7C6F78211+610577]
Ordinal0 [0x00007FF7C6EC6BFC+1797116]
GetHandleVerifier [0x00007FF7C6F78C56+613206]
Ordinal0 [0x00007FF7C6E3680E+1206286]
Ordinal0 [0x00007FF7C6E43F5C+1261404]
Ordinal0 [0x00007FF7C6E42DDD+1256925]
BaseThreadInitThunk [0x00007FFA28FE7BD4+20]
RtlUserThreadStart [0x00007FFA2AD0CE51+33]

at org.openqa.selenium.remote.W3CHandshakeResponse.lambda$errorHandler$0(W3CHandshakeResponse.java:62)
at org.openqa.selenium.remote.HandshakeResponse.lambda$getResponseFunction$0(HandshakeResponse.java:30)
at org.openqa.selenium.remote.ProtocolHandshake.lambda$createSession$1(ProtocolHandshake.java:126)
at java.base/java.util.stream.ReferencePipeline$3$1.accept(ReferencePipeline.java:195)
at java.base/java.util.Spliterators$ArraySpliterator.tryAdvance(Spliterators.java:958)
at java.base/java.util.stream.ReferencePipeline.forEachWithCancel(ReferencePipeline.java:127)
at java.base/java.util.stream.AbstractPipeline.copyIntoWithCancel(AbstractPipeline.java:502)
at java.base/java.util.stream.AbstractPipeline.copyInto(AbstractPipeline.java:488)
at java.base/java.util.stream.AbstractPipeline.wrapAndCopyInto(AbstractPipeline.java:474)
at java.base/java.util.stream.FindOps$FindOp.evaluateSequential(FindOps.java:150)
at java.base/java.util.stream.AbstractPipeline.evaluate(AbstractPipeline.java:234)
at java.base/java.util.stream.ReferencePipeline.findFirst(ReferencePipeline.java:543)
at org.openqa.selenium.remote.ProtocolHandshake.createSession(ProtocolHandshake.java:128)
at org.openqa.selenium.remote.ProtocolHandshake.createSession(ProtocolHandshake.java:75)
at org.openqa.selenium.remote.HttpCommandExecutor.execute(HttpCommandExecutor.java:138)
at org.openqa.selenium.remote.service.DriverCommandExecutor.execute(DriverCommandExecutor.java:83)
at org.openqa.selenium.remote.RemoteWebDriver.execute(RemoteWebDriver.java:582)
at org.openqa.selenium.remote.RemoteWebDriver.startSession(RemoteWebDriver.java:216)
at org.openqa.selenium.ie.InternetExplorerDriver.run(InternetExplorerDriver.java:186)
at org.openqa.selenium.ie.InternetExplorerDriver.<init>(InternetExplorerDriver.java:178)
at org.openqa.selenium.ie.InternetExplorerDriver.<init>(InternetExplorerDriver.java:142)
at com.flipkart.qa.base.TestBase.initializeDriver(TestBase.java:64)
at java.base/java.util.ArrayList.forEach(ArrayList.java:1510)
... Removed 32 stack frames]]>
    </failure>
  </testcase> <!-- initializeDriver -->
  <testcase classname="com.flipkart.qa.testclasses.LogoutPageTest" name="LogoutTest" time="0.001">
    <failure type="org.openqa.selenium.NoSuchSessionException" message="Session ID is null. Using WebDriver after calling quit()?
Build info: version: &amp;apos;4.0.0-alpha-6&amp;apos;, revision: &amp;apos;5f43a29cfc&amp;apos;
System info: host: &amp;apos;DESKTOP-AGBCM7S&amp;apos;, ip: &amp;apos;192.168.1.100&amp;apos;, os.name: &amp;apos;Windows 10&amp;apos;, os.arch: &amp;apos;amd64&amp;apos;, os.version: &amp;apos;10.0&amp;apos;, java.version: &amp;apos;14&amp;apos;
Driver info: driver.version: RemoteWebDriver">
      <![CDATA[org.openqa.selenium.NoSuchSessionException: Session ID is null. Using WebDriver after calling quit()?
Build info: version: '4.0.0-alpha-6', revision: '5f43a29cfc'
System info: host: 'DESKTOP-AGBCM7S', ip: '192.168.1.100', os.name: 'Windows 10', os.arch: 'amd64', os.version: '10.0', java.version: '14'
Driver info: driver.version: RemoteWebDriver
at org.openqa.selenium.remote.HttpCommandExecutor.execute(HttpCommandExecutor.java:127)
at org.openqa.selenium.remote.service.DriverCommandExecutor.execute(DriverCommandExecutor.java:83)
at org.openqa.selenium.remote.RemoteWebDriver.execute(RemoteWebDriver.java:582)
at org.openqa.selenium.remote.RemoteWebDriver.perform(RemoteWebDriver.java:652)
at org.openqa.selenium.interactions.Actions$BuiltAction.perform(Actions.java:613)
at com.flipkart.qa.pages.LogoutPage.clickOnLogout(LogoutPage.java:32)
at com.flipkart.qa.testclasses.LogoutPageTest.LogoutTest(LogoutPageTest.java:23)
at java.base/java.util.ArrayList.forEach(ArrayList.java:1510)
... Removed 27 stack frames]]>
    </failure>
  </testcase> <!-- LogoutTest -->
  <testcase classname="com.flipkart.qa.testclasses.LogoutPageTest" name="TearDown" time="0.0"/>
  <testcase classname="com.flipkart.qa.base.TestBase" name="initializeDriver" time="0.567">
    <failure type="org.openqa.selenium.SessionNotCreatedException" message="session not created: No matching capabilities found
Build info: version: &amp;apos;4.0.0-alpha-6&amp;apos;, revision: &amp;apos;5f43a29cfc&amp;apos;
System info: host: &amp;apos;DESKTOP-AGBCM7S&amp;apos;, ip: &amp;apos;192.168.1.100&amp;apos;, os.name: &amp;apos;Windows 10&amp;apos;, os.arch: &amp;apos;amd64&amp;apos;, os.version: &amp;apos;10.0&amp;apos;, java.version: &amp;apos;14&amp;apos;
Driver info: driver.version: InternetExplorerDriver
remote stacktrace: Backtrace:
	Ordinal0 [0x00007FF7C6EB79B2+1735090]
	Ordinal0 [0x00007FF7C6E1CAD2+1100498]
	Ordinal0 [0x00007FF7C6DA7EBF+622271]
	Ordinal0 [0x00007FF7C6D493AA+234410]
	Ordinal0 [0x00007FF7C6D49A23+236067]
	Ordinal0 [0x00007FF7C6D479CF+227791]
	Ordinal0 [0x00007FF7C6D29BC7+105415]
	Ordinal0 [0x00007FF7C6D2B2CE+111310]
	GetHandleVerifier [0x00007FF7C704A387+1471111]
	GetHandleVerifier [0x00007FF7C6F7849A+611226]
	GetHandleVerifier [0x00007FF7C6F78211+610577]
	Ordinal0 [0x00007FF7C6EC6BFC+1797116]
	GetHandleVerifier [0x00007FF7C6F78C56+613206]
	Ordinal0 [0x00007FF7C6E3680E+1206286]
	Ordinal0 [0x00007FF7C6E43F5C+1261404]
	Ordinal0 [0x00007FF7C6E42DDD+1256925]
	BaseThreadInitThunk [0x00007FFA28FE7BD4+20]
	RtlUserThreadStart [0x00007FFA2AD0CE51+33]
">
      <![CDATA[org.openqa.selenium.SessionNotCreatedException: session not created: No matching capabilities found
Build info: version: '4.0.0-alpha-6', revision: '5f43a29cfc'
System info: host: 'DESKTOP-AGBCM7S', ip: '192.168.1.100', os.name: 'Windows 10', os.arch: 'amd64', os.version: '10.0', java.version: '14'
Driver info: driver.version: InternetExplorerDriver
remote stacktrace: Backtrace:
Ordinal0 [0x00007FF7C6EB79B2+1735090]
Ordinal0 [0x00007FF7C6E1CAD2+1100498]
Ordinal0 [0x00007FF7C6DA7EBF+622271]
Ordinal0 [0x00007FF7C6D493AA+234410]
Ordinal0 [0x00007FF7C6D49A23+236067]
Ordinal0 [0x00007FF7C6D479CF+227791]
Ordinal0 [0x00007FF7C6D29BC7+105415]
Ordinal0 [0x00007FF7C6D2B2CE+111310]
GetHandleVerifier [0x00007FF7C704A387+1471111]
GetHandleVerifier [0x00007FF7C6F7849A+611226]
GetHandleVerifier [0x00007FF7C6F78211+610577]
Ordinal0 [0x00007FF7C6EC6BFC+1797116]
GetHandleVerifier [0x00007FF7C6F78C56+613206]
Ordinal0 [0x00007FF7C6E3680E+1206286]
Ordinal0 [0x00007FF7C6E43F5C+1261404]
Ordinal0 [0x00007FF7C6E42DDD+1256925]
BaseThreadInitThunk [0x00007FFA28FE7BD4+20]
RtlUserThreadStart [0x00007FFA2AD0CE51+33]

at org.openqa.selenium.remote.W3CHandshakeResponse.lambda$errorHandler$0(W3CHandshakeResponse.java:62)
at org.openqa.selenium.remote.HandshakeResponse.lambda$getResponseFunction$0(HandshakeResponse.java:30)
at org.openqa.selenium.remote.ProtocolHandshake.lambda$createSession$1(ProtocolHandshake.java:126)
at java.base/java.util.stream.ReferencePipeline$3$1.accept(ReferencePipeline.java:195)
at java.base/java.util.Spliterators$ArraySpliterator.tryAdvance(Spliterators.java:958)
at java.base/java.util.stream.ReferencePipeline.forEachWithCancel(ReferencePipeline.java:127)
at java.base/java.util.stream.AbstractPipeline.copyIntoWithCancel(AbstractPipeline.java:502)
at java.base/java.util.stream.AbstractPipeline.copyInto(AbstractPipeline.java:488)
at java.base/java.util.stream.AbstractPipeline.wrapAndCopyInto(AbstractPipeline.java:474)
at java.base/java.util.stream.FindOps$FindOp.evaluateSequential(FindOps.java:150)
at java.base/java.util.stream.AbstractPipeline.evaluate(AbstractPipeline.java:234)
at java.base/java.util.stream.ReferencePipeline.findFirst(ReferencePipeline.java:543)
at org.openqa.selenium.remote.ProtocolHandshake.createSession(ProtocolHandshake.java:128)
at org.openqa.selenium.remote.ProtocolHandshake.createSession(ProtocolHandshake.java:75)
at org.openqa.selenium.remote.HttpCommandExecutor.execute(HttpCommandExecutor.java:138)
at org.openqa.selenium.remote.service.DriverCommandExecutor.execute(DriverCommandExecutor.java:83)
at org.openqa.selenium.remote.RemoteWebDriver.execute(RemoteWebDriver.java:582)
at org.openqa.selenium.remote.RemoteWebDriver.startSession(RemoteWebDriver.java:216)
at org.openqa.selenium.ie.InternetExplorerDriver.run(InternetExplorerDriver.java:186)
at org.openqa.selenium.ie.InternetExplorerDriver.<init>(InternetExplorerDriver.java:178)
at org.openqa.selenium.ie.InternetExplorerDriver.<init>(InternetExplorerDriver.java:142)
at com.flipkart.qa.base.TestBase.initializeDriver(TestBase.java:64)
at java.base/java.util.ArrayList.forEach(ArrayList.java:1510)
... Removed 32 stack frames]]>
    </failure>
  </testcase> <!-- initializeDriver -->
</testsuite> <!-- TestIE -->
