<?xml version="1.0" encoding="UTF-8"?>
<!-- Generated by org.testng.reporters.JUnitXMLReporter -->
<testsuite ignored="8" hostname="DESKTOP-AGBCM7S" failures="0" tests="5" name="Default test" time="0.084" errors="0" timestamp="2020-07-28T01:11:12 PDT">
  <testcase classname="com.flipkart.qa.base.TestBase" name="@BeforeTest initializeDriver" time="-1.595923872238E9">
    <failure type="org.testng.TestNGException" message="
Parameter &amp;apos;browser&amp;apos; is required by BeforeTest on method initializeDriver but has not been marked @Optional or defined
in C:\Users\Lenovo\AppData\Local\Temp\testng-eclipse--871193813\testng-customsuite.xml">
      <![CDATA[org.testng.TestNGException: 
Parameter 'browser' is required by BeforeTest on method initializeDriver but has not been marked @Optional or defined
in C:\Users\Lenovo\AppData\Local\Temp\testng-eclipse--871193813\testng-customsuite.xml
at org.testng.internal.Parameters.createParams(Parameters.java:272)
at org.testng.internal.Parameters.createParametersForMethod(Parameters.java:360)
at org.testng.internal.Parameters.createParameters(Parameters.java:704)
at org.testng.internal.Parameters.createConfigurationParameters(Parameters.java:166)
at org.testng.internal.ConfigInvoker.invokeConfigurations(ConfigInvoker.java:283)
at org.testng.TestRunner.invokeTestConfigurations(TestRunner.java:619)
at org.testng.TestRunner.beforeRun(TestRunner.java:609)
at org.testng.TestRunner.run(TestRunner.java:580)
at org.testng.SuiteRunner.runTest(SuiteRunner.java:384)
at org.testng.SuiteRunner.runSequentially(SuiteRunner.java:378)
at org.testng.SuiteRunner.privateRun(SuiteRunner.java:337)
at org.testng.SuiteRunner.run(SuiteRunner.java:286)
at org.testng.SuiteRunnerWorker.runSuite(SuiteRunnerWorker.java:53)
at org.testng.SuiteRunnerWorker.run(SuiteRunnerWorker.java:96)
at org.testng.TestNG.runSuitesSequentially(TestNG.java:1187)
at org.testng.TestNG.runSuitesLocally(TestNG.java:1109)
at org.testng.TestNG.runSuites(TestNG.java:1039)
at org.testng.TestNG.run(TestNG.java:1007)
at org.testng.remote.AbstractRemoteTestNG.run(AbstractRemoteTestNG.java:115)
at org.testng.remote.RemoteTestNG.initAndRun(RemoteTestNG.java:251)
at org.testng.remote.RemoteTestNG.main(RemoteTestNG.java:77)
]]>
    </failure>
  </testcase> <!-- @BeforeTest initializeDriver -->
  <testcase classname="com.flipkart.qa.testclasses.AddToCartPageTest" name="@BeforeMethod setUp" time="-1.595923872278E9">
    <skipped/>
  </testcase> <!-- @BeforeMethod setUp -->
  <testcase classname="com.flipkart.qa.testclasses.LogoutPageTest" name="@BeforeMethod setUp" time="-1.595923872292E9">
    <skipped/>
  </testcase> <!-- @BeforeMethod setUp -->
  <testcase classname="com.flipkart.qa.testclasses.LogoutPageTest" name="@BeforeMethod setUp" time="-1.595923872298E9">
    <skipped/>
  </testcase> <!-- @BeforeMethod setUp -->
  <testcase classname="com.flipkart.qa.testclasses.AddToCartPageTest" name="AddToCartTest" time="0.0">
    <skipped/>
  </testcase> <!-- AddToCartTest -->
  <testcase classname="com.flipkart.qa.testclasses.LogoutPageTest" name="LogoutTest" time="0.0">
    <skipped/>
  </testcase> <!-- LogoutTest -->
  <testcase classname="com.flipkart.qa.testclasses.LogoutPageTest" name="TearDown" time="0.0">
    <skipped/>
  </testcase> <!-- TearDown -->
  <testcase classname="com.flipkart.qa.testclasses.HomePageTest" name="Login" time="0.0">
    <skipped/>
  </testcase> <!-- Login -->
  <testcase classname="com.flipkart.qa.testclasses.HomePageTest" name="verifyHomePageLabelTest" time="0.001">
    <skipped/>
  </testcase> <!-- verifyHomePageLabelTest -->
  <testcase classname="com.flipkart.qa.base.TestBase" name="@BeforeTest initializeDriver" time="0.0">
    <ignored/>
  </testcase> <!-- @BeforeTest initializeDriver -->
  <testcase classname="com.flipkart.qa.base.TestBase" name="@BeforeTest initializeDriver" time="0.0">
    <ignored/>
  </testcase> <!-- @BeforeTest initializeDriver -->
  <testcase classname="com.flipkart.qa.base.TestBase" name="@BeforeTest initializeDriver" time="0.0">
    <ignored/>
  </testcase> <!-- @BeforeTest initializeDriver -->
  <testcase classname="com.flipkart.qa.base.TestBase" name="@BeforeTest initializeDriver" time="0.0">
    <ignored/>
  </testcase> <!-- @BeforeTest initializeDriver -->
  <testcase classname="com.flipkart.qa.base.TestBase" name="@BeforeTest initializeDriver" time="0.0">
    <ignored/>
  </testcase> <!-- @BeforeTest initializeDriver -->
  <testcase classname="com.flipkart.qa.base.TestBase" name="@BeforeTest initializeDriver" time="0.0">
    <ignored/>
  </testcase> <!-- @BeforeTest initializeDriver -->
  <testcase classname="com.flipkart.qa.base.TestBase" name="@BeforeTest initializeDriver" time="0.0">
    <ignored/>
  </testcase> <!-- @BeforeTest initializeDriver -->
  <testcase classname="com.flipkart.qa.base.TestBase" name="@BeforeTest initializeDriver" time="0.0">
    <ignored/>
  </testcase> <!-- @BeforeTest initializeDriver -->
</testsuite> <!-- Default test -->
