<?xml version="1.0" encoding="UTF-8"?>
<testng-results ignored="4" total="14" passed="10" failed="0" skipped="0">
  <reporter-output>
  </reporter-output>
  <suite started-at="2020-07-28T21:55:41 PDT" name="Suite" finished-at="2020-07-28T21:56:27 PDT" duration-ms="46004">
    <groups>
    </groups>
    <test started-at="2020-07-28T21:55:41 PDT" name="Testchrome" finished-at="2020-07-28T21:56:04 PDT" duration-ms="23262">
      <class name="com.flipkart.qa.testclasses.AddToCartPageTest">
        <test-method is-config="true" signature="setUp()[pri:0, instance:com.flipkart.qa.testclasses.AddToCartPageTest@418e7838]" started-at="2020-07-28T21:55:55 PDT" name="setUp" finished-at="2020-07-28T21:55:55 PDT" duration-ms="2" status="PASS">
          <reporter-output>
          </reporter-output>
        </test-method> <!-- setUp -->
        <test-method signature="AddToCartTest()[pri:0, instance:com.flipkart.qa.testclasses.AddToCartPageTest@418e7838]" started-at="2020-07-28T21:55:55 PDT" name="AddToCartTest" finished-at="2020-07-28T21:56:03 PDT" duration-ms="8136" status="PASS">
          <reporter-output>
          </reporter-output>
        </test-method> <!-- AddToCartTest -->
      </class> <!-- com.flipkart.qa.testclasses.AddToCartPageTest -->
      <class name="com.flipkart.qa.testclasses.HomePageTest">
        <test-method is-config="true" signature="initializeDriver(java.lang.String)[pri:0, instance:com.flipkart.qa.testclasses.HomePageTest@3c419631]" started-at="2020-07-28T21:55:41 PDT" name="initializeDriver" finished-at="2020-07-28T21:55:51 PDT" duration-ms="9450" status="PASS">
          <params>
            <param index="0">
              <value>
                <![CDATA[chrome]]>
              </value>
            </param>
          </params>
          <reporter-output>
          </reporter-output>
        </test-method> <!-- initializeDriver -->
        <test-method signature="Login(java.lang.String, java.lang.String)[pri:1, instance:com.flipkart.qa.testclasses.HomePageTest@3c419631]" started-at="2020-07-28T21:55:51 PDT" name="Login" description="This Test will login to Flipkart" data-provider="getData" finished-at="2020-07-28T21:55:55 PDT" duration-ms="4557" status="PASS">
          <params>
            <param index="0">
              <value>
                <![CDATA[karuna.bhuruk@gmail.com]]>
              </value>
            </param>
            <param index="1">
              <value>
                <![CDATA[Flipkart@123]]>
              </value>
            </param>
          </params>
          <reporter-output>
          </reporter-output>
        </test-method> <!-- Login -->
        <test-method signature="verifyHomePageLabelTest()[pri:2, instance:com.flipkart.qa.testclasses.HomePageTest@3c419631]" started-at="2020-07-28T21:55:55 PDT" name="verifyHomePageLabelTest" description="This Test will verify Home Page label" finished-at="2020-07-28T21:55:55 PDT" duration-ms="75" status="PASS">
          <reporter-output>
          </reporter-output>
        </test-method> <!-- verifyHomePageLabelTest -->
      </class> <!-- com.flipkart.qa.testclasses.HomePageTest -->
      <class name="com.flipkart.qa.testclasses.LogoutPageTest">
        <test-method is-config="true" signature="setUp()[pri:0, instance:com.flipkart.qa.testclasses.LogoutPageTest@61230f6a]" started-at="2020-07-28T21:56:03 PDT" name="setUp" finished-at="2020-07-28T21:56:03 PDT" duration-ms="3" status="PASS">
          <reporter-output>
          </reporter-output>
        </test-method> <!-- setUp -->
        <test-method signature="LogoutTest()[pri:0, instance:com.flipkart.qa.testclasses.LogoutPageTest@61230f6a]" started-at="2020-07-28T21:56:03 PDT" name="LogoutTest" finished-at="2020-07-28T21:56:04 PDT" duration-ms="326" status="PASS">
          <reporter-output>
          </reporter-output>
        </test-method> <!-- LogoutTest -->
        <test-method is-config="true" signature="setUp()[pri:0, instance:com.flipkart.qa.testclasses.LogoutPageTest@61230f6a]" started-at="2020-07-28T21:56:04 PDT" name="setUp" finished-at="2020-07-28T21:56:04 PDT" duration-ms="2" status="PASS">
          <reporter-output>
          </reporter-output>
        </test-method> <!-- setUp -->
        <test-method signature="TearDown()[pri:0, instance:com.flipkart.qa.testclasses.LogoutPageTest@61230f6a]" started-at="2020-07-28T21:56:04 PDT" name="TearDown" finished-at="2020-07-28T21:56:04 PDT" duration-ms="645" status="PASS">
          <reporter-output>
          </reporter-output>
        </test-method> <!-- TearDown -->
      </class> <!-- com.flipkart.qa.testclasses.LogoutPageTest -->
    </test> <!-- Testchrome -->
    <test started-at="2020-07-28T21:56:04 PDT" name="Testfirefox" finished-at="2020-07-28T21:56:27 PDT" duration-ms="22676">
      <class name="com.flipkart.qa.testclasses.AddToCartPageTest">
        <test-method is-config="true" signature="setUp()[pri:0, instance:com.flipkart.qa.testclasses.AddToCartPageTest@6ca8564a]" started-at="2020-07-28T21:56:16 PDT" name="setUp" finished-at="2020-07-28T21:56:16 PDT" duration-ms="2" status="PASS">
          <reporter-output>
          </reporter-output>
        </test-method> <!-- setUp -->
        <test-method signature="AddToCartTest()[pri:0, instance:com.flipkart.qa.testclasses.AddToCartPageTest@6ca8564a]" started-at="2020-07-28T21:56:16 PDT" name="AddToCartTest" finished-at="2020-07-28T21:56:24 PDT" duration-ms="7446" status="PASS">
          <reporter-output>
          </reporter-output>
        </test-method> <!-- AddToCartTest -->
      </class> <!-- com.flipkart.qa.testclasses.AddToCartPageTest -->
      <class name="com.flipkart.qa.testclasses.HomePageTest">
        <test-method is-config="true" signature="initializeDriver(java.lang.String)[pri:0, instance:com.flipkart.qa.testclasses.HomePageTest@1817d444]" started-at="2020-07-28T21:56:04 PDT" name="initializeDriver" finished-at="2020-07-28T21:56:12 PDT" duration-ms="7368" status="PASS">
          <params>
            <param index="0">
              <value>
                <![CDATA[firefox]]>
              </value>
            </param>
          </params>
          <reporter-output>
          </reporter-output>
        </test-method> <!-- initializeDriver -->
        <test-method signature="Login(java.lang.String, java.lang.String)[pri:1, instance:com.flipkart.qa.testclasses.HomePageTest@1817d444]" started-at="2020-07-28T21:56:12 PDT" name="Login" description="This Test will login to Flipkart" data-provider="getData" finished-at="2020-07-28T21:56:16 PDT" duration-ms="4433" status="PASS">
          <params>
            <param index="0">
              <value>
                <![CDATA[karuna.bhuruk@gmail.com]]>
              </value>
            </param>
            <param index="1">
              <value>
                <![CDATA[Flipkart@123]]>
              </value>
            </param>
          </params>
          <reporter-output>
          </reporter-output>
        </test-method> <!-- Login -->
        <test-method signature="verifyHomePageLabelTest()[pri:2, instance:com.flipkart.qa.testclasses.HomePageTest@1817d444]" started-at="2020-07-28T21:56:16 PDT" name="verifyHomePageLabelTest" description="This Test will verify Home Page label" finished-at="2020-07-28T21:56:16 PDT" duration-ms="86" status="PASS">
          <reporter-output>
          </reporter-output>
        </test-method> <!-- verifyHomePageLabelTest -->
      </class> <!-- com.flipkart.qa.testclasses.HomePageTest -->
      <class name="com.flipkart.qa.testclasses.LogoutPageTest">
        <test-method is-config="true" signature="setUp()[pri:0, instance:com.flipkart.qa.testclasses.LogoutPageTest@50b472aa]" started-at="2020-07-28T21:56:24 PDT" name="setUp" finished-at="2020-07-28T21:56:24 PDT" duration-ms="0" status="PASS">
          <reporter-output>
          </reporter-output>
        </test-method> <!-- setUp -->
        <test-method signature="LogoutTest()[pri:0, instance:com.flipkart.qa.testclasses.LogoutPageTest@50b472aa]" started-at="2020-07-28T21:56:24 PDT" name="LogoutTest" finished-at="2020-07-28T21:56:26 PDT" duration-ms="1918" status="PASS">
          <reporter-output>
          </reporter-output>
        </test-method> <!-- LogoutTest -->
        <test-method is-config="true" signature="setUp()[pri:0, instance:com.flipkart.qa.testclasses.LogoutPageTest@50b472aa]" started-at="2020-07-28T21:56:26 PDT" name="setUp" finished-at="2020-07-28T21:56:26 PDT" duration-ms="1" status="PASS">
          <reporter-output>
          </reporter-output>
        </test-method> <!-- setUp -->
        <test-method signature="TearDown()[pri:0, instance:com.flipkart.qa.testclasses.LogoutPageTest@50b472aa]" started-at="2020-07-28T21:56:26 PDT" name="TearDown" finished-at="2020-07-28T21:56:27 PDT" duration-ms="1408" status="PASS">
          <reporter-output>
          </reporter-output>
        </test-method> <!-- TearDown -->
      </class> <!-- com.flipkart.qa.testclasses.LogoutPageTest -->
    </test> <!-- Testfirefox -->
  </suite> <!-- Suite -->
</testng-results>
